<?xml version="1.0" encoding="UTF-8"?>
<!-- Generated by org.testng.reporters.JUnitXMLReporter -->
<testsuite ignored="0" hostname="DESKTOP-95P0PH0" failures="0" tests="3" name="Submit Order Test" time="43.933" errors="0" timestamp="2024-12-23T17:39:26 EST">
  <testcase classname="rahulshettyacademy.Tests.SubmitOrderTest" name="submitOrder" time="8.353"/>
  <testcase classname="rahulshettyacademy.Tests.SubmitOrderTest" name="submitOrder" time="21.076"/>
  <testcase classname="rahulshettyacademy.Tests.SubmitOrderTest" name="orderHistoryTest" time="0.912"/>
</testsuite> <!-- Submit Order Test -->
