<?xml version="1.0" encoding="UTF-8"?>
<!-- Generated by org.testng.reporters.JUnitXMLReporter -->
<testsuite ignored="0" hostname="DESKTOP-95P0PH0" failures="0" tests="2" name="Error Validations Test" time="15.8" errors="0" timestamp="2024-12-23T17:45:42 EST">
  <testcase classname="rahulshettyacademy.Tests.ErrorValidationsTest" name="loginErrorValidation" time="0.832"/>
  <testcase classname="rahulshettyacademy.Tests.ErrorValidationsTest" name="productErrorValidation" time="6.357"/>
</testsuite> <!-- Error Validations Test -->
